
> s-fit-ai@0.1.0 dev
> next dev --webpack

▲ Next.js 16.1.4 (webpack)
- Local:         http://localhost:3000
- Network:       http://192.168.0.2:3000

✓ Starting...
Attention: Next.js now collects completely anonymous telemetry regarding usage.
This information is used to shape Next.js' roadmap and prioritize features.
You can learn more, including how to opt-out if you'd not like to participate in this anonymous program, by visiting the following URL:
https://nextjs.org/telemetry

✓ Ready in 2.2s
○ Compiling /luxury/fitting ...
⚠️ [ENV CHECK] Missing or invalid environment variables: NEXT_PUBLIC_SUPABASE_URL, NEXT_PUBLIC_SUPABASE_ANON_KEY, NEXT_PUBLIC_APP_URL, REPLICATE_API_TOKEN
 GET /luxury/fitting 200 in 31.7s (compile: 29.4s, render: 2.3s)
⚠️ [ENV CHECK] Missing or invalid environment variables: NEXT_PUBLIC_SUPABASE_URL, NEXT_PUBLIC_SUPABASE_ANON_KEY, NEXT_PUBLIC_APP_URL, REPLICATE_API_TOKEN
 HEAD / 200 in 2.2s (compile: 1925ms, render: 309ms)
⚠️ [ENV CHECK] Missing or invalid environment variables: NEXT_PUBLIC_SUPABASE_URL, NEXT_PUBLIC_SUPABASE_ANON_KEY, NEXT_PUBLIC_APP_URL, REPLICATE_API_TOKEN
 GET /luxury/fitting 200 in 1658ms (compile: 993ms, render: 665ms)
 GET /luxury/fitting 200 in 115ms (compile: 12ms, render: 103ms)
 GET /luxury/fitting 200 in 211ms (compile: 21ms, render: 189ms)
⚠️ [ENV CHECK] Missing or invalid environment variables: NEXT_PUBLIC_SUPABASE_URL, NEXT_PUBLIC_SUPABASE_ANON_KEY, NEXT_PUBLIC_APP_URL, REPLICATE_API_TOKEN
 GET /luxury/fitting 200 in 1439ms (compile: 321ms, render: 1118ms)
⚠️ [ENV CHECK] Missing or invalid environment variables: NEXT_PUBLIC_SUPABASE_URL, NEXT_PUBLIC_SUPABASE_ANON_KEY, NEXT_PUBLIC_APP_URL, REPLICATE_API_TOKEN
 GET /luxury/fitting 200 in 704ms (compile: 115ms, render: 590ms)
⚠️ [ENV CHECK] Missing or invalid environment variables: NEXT_PUBLIC_SUPABASE_URL, NEXT_PUBLIC_SUPABASE_ANON_KEY, NEXT_PUBLIC_APP_URL, REPLICATE_API_TOKEN
 GET /luxury/fitting 200 in 914ms (compile: 149ms, render: 766ms)
